<?xml version="1.0" encoding="UTF-8"?>
<testsuite xmlns:xsi="http://www.w3.org/2001/XMLSchema-instance" xsi:noNamespaceSchemaLocation="https://maven.apache.org/surefire/maven-surefire-plugin/xsd/surefire-test-report-3.0.xsd" version="3.0" name="org.contract_testing.clients.VideoGameServiceClientTest" time="3.19" tests="1" errors="1" skipped="0" failures="0">
  <properties>
    <property name="java.specification.version" value="17"/>
    <property name="sun.cpu.isalist" value="amd64"/>
    <property name="sun.jnu.encoding" value="Cp1252"/>
    <property name="java.class.path" value="C:\Users\sheredia\Documents\Pact\VideoGamesIP\target\test-classes;C:\Users\sheredia\Documents\Pact\VideoGamesIP\target\classes;C:\Users\sheredia\.m2\repository\org\springframework\boot\spring-boot-starter-web\3.1.8\spring-boot-starter-web-3.1.8.jar;C:\Users\sheredia\.m2\repository\org\springframework\boot\spring-boot-starter\3.1.8\spring-boot-starter-3.1.8.jar;C:\Users\sheredia\.m2\repository\org\springframework\boot\spring-boot\3.1.8\spring-boot-3.1.8.jar;C:\Users\sheredia\.m2\repository\org\springframework\boot\spring-boot-autoconfigure\3.1.8\spring-boot-autoconfigure-3.1.8.jar;C:\Users\sheredia\.m2\repository\org\springframework\boot\spring-boot-starter-logging\3.1.8\spring-boot-starter-logging-3.1.8.jar;C:\Users\sheredia\.m2\repository\ch\qos\logback\logback-classic\1.4.14\logback-classic-1.4.14.jar;C:\Users\sheredia\.m2\repository\ch\qos\logback\logback-core\1.4.14\logback-core-1.4.14.jar;C:\Users\sheredia\.m2\repository\org\apache\logging\log4j\log4j-to-slf4j\2.20.0\log4j-to-slf4j-2.20.0.jar;C:\Users\sheredia\.m2\repository\org\apache\logging\log4j\log4j-api\2.20.0\log4j-api-2.20.0.jar;C:\Users\sheredia\.m2\repository\org\slf4j\jul-to-slf4j\2.0.11\jul-to-slf4j-2.0.11.jar;C:\Users\sheredia\.m2\repository\jakarta\annotation\jakarta.annotation-api\2.1.1\jakarta.annotation-api-2.1.1.jar;C:\Users\sheredia\.m2\repository\org\yaml\snakeyaml\1.33\snakeyaml-1.33.jar;C:\Users\sheredia\.m2\repository\org\springframework\boot\spring-boot-starter-json\3.1.8\spring-boot-starter-json-3.1.8.jar;C:\Users\sheredia\.m2\repository\com\fasterxml\jackson\datatype\jackson-datatype-jdk8\2.15.3\jackson-datatype-jdk8-2.15.3.jar;C:\Users\sheredia\.m2\repository\com\fasterxml\jackson\module\jackson-module-parameter-names\2.15.3\jackson-module-parameter-names-2.15.3.jar;C:\Users\sheredia\.m2\repository\org\springframework\boot\spring-boot-starter-tomcat\3.1.8\spring-boot-starter-tomcat-3.1.8.jar;C:\Users\sheredia\.m2\repository\org\apache\tomcat\embed\tomcat-embed-core\10.1.18\tomcat-embed-core-10.1.18.jar;C:\Users\sheredia\.m2\repository\org\apache\tomcat\embed\tomcat-embed-el\10.1.18\tomcat-embed-el-10.1.18.jar;C:\Users\sheredia\.m2\repository\org\apache\tomcat\embed\tomcat-embed-websocket\10.1.18\tomcat-embed-websocket-10.1.18.jar;C:\Users\sheredia\.m2\repository\org\springframework\spring-web\6.0.16\spring-web-6.0.16.jar;C:\Users\sheredia\.m2\repository\org\springframework\spring-beans\6.0.16\spring-beans-6.0.16.jar;C:\Users\sheredia\.m2\repository\io\micrometer\micrometer-observation\1.11.8\micrometer-observation-1.11.8.jar;C:\Users\sheredia\.m2\repository\io\micrometer\micrometer-commons\1.11.8\micrometer-commons-1.11.8.jar;C:\Users\sheredia\.m2\repository\org\springframework\spring-webmvc\6.0.16\spring-webmvc-6.0.16.jar;C:\Users\sheredia\.m2\repository\org\springframework\spring-aop\6.0.16\spring-aop-6.0.16.jar;C:\Users\sheredia\.m2\repository\org\springframework\spring-context\6.0.16\spring-context-6.0.16.jar;C:\Users\sheredia\.m2\repository\org\springframework\spring-expression\6.0.16\spring-expression-6.0.16.jar;C:\Users\sheredia\.m2\repository\org\springframework\boot\spring-boot-starter-thymeleaf\3.1.8\spring-boot-starter-thymeleaf-3.1.8.jar;C:\Users\sheredia\.m2\repository\org\thymeleaf\thymeleaf-spring6\3.1.2.RELEASE\thymeleaf-spring6-3.1.2.RELEASE.jar;C:\Users\sheredia\.m2\repository\org\thymeleaf\thymeleaf\3.1.2.RELEASE\thymeleaf-3.1.2.RELEASE.jar;C:\Users\sheredia\.m2\repository\org\attoparser\attoparser\2.0.7.RELEASE\attoparser-2.0.7.RELEASE.jar;C:\Users\sheredia\.m2\repository\org\unbescape\unbescape\1.1.6.RELEASE\unbescape-1.1.6.RELEASE.jar;C:\Users\sheredia\.m2\repository\org\springframework\boot\spring-boot-starter-test\3.1.8\spring-boot-starter-test-3.1.8.jar;C:\Users\sheredia\.m2\repository\org\springframework\boot\spring-boot-test\3.1.8\spring-boot-test-3.1.8.jar;C:\Users\sheredia\.m2\repository\org\springframework\boot\spring-boot-test-autoconfigure\3.1.8\spring-boot-test-autoconfigure-3.1.8.jar;C:\Users\sheredia\.m2\repository\com\jayway\jsonpath\json-path\2.8.0\json-path-2.8.0.jar;C:\Users\sheredia\.m2\repository\jakarta\xml\bind\jakarta.xml.bind-api\4.0.1\jakarta.xml.bind-api-4.0.1.jar;C:\Users\sheredia\.m2\repository\jakarta\activation\jakarta.activation-api\2.1.2\jakarta.activation-api-2.1.2.jar;C:\Users\sheredia\.m2\repository\net\minidev\json-smart\2.4.11\json-smart-2.4.11.jar;C:\Users\sheredia\.m2\repository\net\minidev\accessors-smart\2.4.11\accessors-smart-2.4.11.jar;C:\Users\sheredia\.m2\repository\org\assertj\assertj-core\3.24.2\assertj-core-3.24.2.jar;C:\Users\sheredia\.m2\repository\net\bytebuddy\byte-buddy\1.14.11\byte-buddy-1.14.11.jar;C:\Users\sheredia\.m2\repository\org\junit\jupiter\junit-jupiter\5.9.3\junit-jupiter-5.9.3.jar;C:\Users\sheredia\.m2\repository\org\junit\jupiter\junit-jupiter-api\5.9.3\junit-jupiter-api-5.9.3.jar;C:\Users\sheredia\.m2\repository\org\opentest4j\opentest4j\1.2.0\opentest4j-1.2.0.jar;C:\Users\sheredia\.m2\repository\org\junit\platform\junit-platform-commons\1.9.3\junit-platform-commons-1.9.3.jar;C:\Users\sheredia\.m2\repository\org\apiguardian\apiguardian-api\1.1.2\apiguardian-api-1.1.2.jar;C:\Users\sheredia\.m2\repository\org\junit\jupiter\junit-jupiter-params\5.9.3\junit-jupiter-params-5.9.3.jar;C:\Users\sheredia\.m2\repository\org\junit\jupiter\junit-jupiter-engine\5.9.3\junit-jupiter-engine-5.9.3.jar;C:\Users\sheredia\.m2\repository\org\junit\platform\junit-platform-engine\1.9.3\junit-platform-engine-1.9.3.jar;C:\Users\sheredia\.m2\repository\org\mockito\mockito-core\5.3.1\mockito-core-5.3.1.jar;C:\Users\sheredia\.m2\repository\net\bytebuddy\byte-buddy-agent\1.14.11\byte-buddy-agent-1.14.11.jar;C:\Users\sheredia\.m2\repository\org\objenesis\objenesis\3.3\objenesis-3.3.jar;C:\Users\sheredia\.m2\repository\org\mockito\mockito-junit-jupiter\5.3.1\mockito-junit-jupiter-5.3.1.jar;C:\Users\sheredia\.m2\repository\org\skyscreamer\jsonassert\1.5.1\jsonassert-1.5.1.jar;C:\Users\sheredia\.m2\repository\com\vaadin\external\google\android-json\0.0.20131108.vaadin1\android-json-0.0.20131108.vaadin1.jar;C:\Users\sheredia\.m2\repository\org\springframework\spring-core\6.0.16\spring-core-6.0.16.jar;C:\Users\sheredia\.m2\repository\org\springframework\spring-jcl\6.0.16\spring-jcl-6.0.16.jar;C:\Users\sheredia\.m2\repository\org\springframework\spring-test\6.0.16\spring-test-6.0.16.jar;C:\Users\sheredia\.m2\repository\org\xmlunit\xmlunit-core\2.9.1\xmlunit-core-2.9.1.jar;C:\Users\sheredia\.m2\repository\org\projectlombok\lombok\1.18.30\lombok-1.18.30.jar;C:\Users\sheredia\.m2\repository\org\wiremock\wiremock\3.0.1\wiremock-3.0.1.jar;C:\Users\sheredia\.m2\repository\org\eclipse\jetty\jetty-server\11.0.19\jetty-server-11.0.19.jar;C:\Users\sheredia\.m2\repository\org\eclipse\jetty\toolchain\jetty-jakarta-servlet-api\5.0.2\jetty-jakarta-servlet-api-5.0.2.jar;C:\Users\sheredia\.m2\repository\org\eclipse\jetty\jetty-http\11.0.19\jetty-http-11.0.19.jar;C:\Users\sheredia\.m2\repository\org\eclipse\jetty\jetty-io\11.0.19\jetty-io-11.0.19.jar;C:\Users\sheredia\.m2\repository\org\eclipse\jetty\jetty-servlet\11.0.19\jetty-servlet-11.0.19.jar;C:\Users\sheredia\.m2\repository\org\eclipse\jetty\jetty-security\11.0.19\jetty-security-11.0.19.jar;C:\Users\sheredia\.m2\repository\org\eclipse\jetty\jetty-servlets\11.0.19\jetty-servlets-11.0.19.jar;C:\Users\sheredia\.m2\repository\org\eclipse\jetty\jetty-util\11.0.19\jetty-util-11.0.19.jar;C:\Users\sheredia\.m2\repository\org\eclipse\jetty\jetty-webapp\11.0.19\jetty-webapp-11.0.19.jar;C:\Users\sheredia\.m2\repository\org\eclipse\jetty\jetty-xml\11.0.19\jetty-xml-11.0.19.jar;C:\Users\sheredia\.m2\repository\org\eclipse\jetty\jetty-proxy\11.0.19\jetty-proxy-11.0.19.jar;C:\Users\sheredia\.m2\repository\org\eclipse\jetty\jetty-client\11.0.19\jetty-client-11.0.19.jar;C:\Users\sheredia\.m2\repository\org\eclipse\jetty\http2\http2-server\11.0.19\http2-server-11.0.19.jar;C:\Users\sheredia\.m2\repository\org\eclipse\jetty\http2\http2-common\11.0.19\http2-common-11.0.19.jar;C:\Users\sheredia\.m2\repository\org\eclipse\jetty\http2\http2-hpack\11.0.19\http2-hpack-11.0.19.jar;C:\Users\sheredia\.m2\repository\org\eclipse\jetty\jetty-alpn-server\11.0.19\jetty-alpn-server-11.0.19.jar;C:\Users\sheredia\.m2\repository\org\eclipse\jetty\jetty-alpn-java-server\11.0.19\jetty-alpn-java-server-11.0.19.jar;C:\Users\sheredia\.m2\repository\org\eclipse\jetty\jetty-alpn-java-client\11.0.19\jetty-alpn-java-client-11.0.19.jar;C:\Users\sheredia\.m2\repository\org\eclipse\jetty\jetty-alpn-client\11.0.19\jetty-alpn-client-11.0.19.jar;C:\Users\sheredia\.m2\repository\com\google\guava\guava\32.1.2-jre\guava-32.1.2-jre.jar;C:\Users\sheredia\.m2\repository\com\google\guava\failureaccess\1.0.1\failureaccess-1.0.1.jar;C:\Users\sheredia\.m2\repository\com\google\guava\listenablefuture\9999.0-empty-to-avoid-conflict-with-guava\listenablefuture-9999.0-empty-to-avoid-conflict-with-guava.jar;C:\Users\sheredia\.m2\repository\org\checkerframework\checker-qual\3.33.0\checker-qual-3.33.0.jar;C:\Users\sheredia\.m2\repository\com\google\errorprone\error_prone_annotations\2.18.0\error_prone_annotations-2.18.0.jar;C:\Users\sheredia\.m2\repository\com\google\j2objc\j2objc-annotations\2.8\j2objc-annotations-2.8.jar;C:\Users\sheredia\.m2\repository\com\fasterxml\jackson\core\jackson-core\2.15.3\jackson-core-2.15.3.jar;C:\Users\sheredia\.m2\repository\com\fasterxml\jackson\core\jackson-annotations\2.15.3\jackson-annotations-2.15.3.jar;C:\Users\sheredia\.m2\repository\com\fasterxml\jackson\core\jackson-databind\2.15.3\jackson-databind-2.15.3.jar;C:\Users\sheredia\.m2\repository\com\fasterxml\jackson\datatype\jackson-datatype-jsr310\2.15.3\jackson-datatype-jsr310-2.15.3.jar;C:\Users\sheredia\.m2\repository\org\apache\httpcomponents\client5\httpclient5\5.2.3\httpclient5-5.2.3.jar;C:\Users\sheredia\.m2\repository\org\apache\httpcomponents\core5\httpcore5\5.2.4\httpcore5-5.2.4.jar;C:\Users\sheredia\.m2\repository\org\apache\httpcomponents\core5\httpcore5-h2\5.2.4\httpcore5-h2-5.2.4.jar;C:\Users\sheredia\.m2\repository\org\xmlunit\xmlunit-legacy\2.9.1\xmlunit-legacy-2.9.1.jar;C:\Users\sheredia\.m2\repository\org\xmlunit\xmlunit-placeholders\2.9.1\xmlunit-placeholders-2.9.1.jar;C:\Users\sheredia\.m2\repository\net\javacrumbs\json-unit\json-unit-core\2.38.0\json-unit-core-2.38.0.jar;C:\Users\sheredia\.m2\repository\org\hamcrest\hamcrest-core\2.2\hamcrest-core-2.2.jar;C:\Users\sheredia\.m2\repository\org\ow2\asm\asm\9.5\asm-9.5.jar;C:\Users\sheredia\.m2\repository\net\sf\jopt-simple\jopt-simple\5.0.4\jopt-simple-5.0.4.jar;C:\Users\sheredia\.m2\repository\org\apache\commons\commons-lang3\3.12.0\commons-lang3-3.12.0.jar;C:\Users\sheredia\.m2\repository\com\github\jknack\handlebars\4.3.1\handlebars-4.3.1.jar;C:\Users\sheredia\.m2\repository\com\github\jknack\handlebars-helpers\4.3.1\handlebars-helpers-4.3.1.jar;C:\Users\sheredia\.m2\repository\commons-fileupload\commons-fileupload\1.5\commons-fileupload-1.5.jar;C:\Users\sheredia\.m2\repository\commons-io\commons-io\2.13.0\commons-io-2.13.0.jar;C:\Users\sheredia\.m2\repository\com\networknt\json-schema-validator\1.0.86\json-schema-validator-1.0.86.jar;C:\Users\sheredia\.m2\repository\com\ethlo\time\itu\1.7.0\itu-1.7.0.jar;C:\Users\sheredia\.m2\repository\com\fasterxml\jackson\dataformat\jackson-dataformat-yaml\2.15.3\jackson-dataformat-yaml-2.15.3.jar;C:\Users\sheredia\.m2\repository\org\slf4j\slf4j-api\2.0.11\slf4j-api-2.0.11.jar;C:\Users\sheredia\.m2\repository\ru\lanwen\wiremock\wiremock-junit5\1.3.1\wiremock-junit5-1.3.1.jar;C:\Users\sheredia\.m2\repository\org\hamcrest\hamcrest\2.2\hamcrest-2.2.jar;"/>
    <property name="java.vm.vendor" value="Oracle Corporation"/>
    <property name="sun.arch.data.model" value="64"/>
    <property name="user.variant" value=""/>
    <property name="java.vendor.url" value="https://java.oracle.com/"/>
    <property name="user.timezone" value="America/Buenos_Aires"/>
    <property name="os.name" value="Windows 11"/>
    <property name="java.vm.specification.version" value="17"/>
    <property name="sun.java.launcher" value="SUN_STANDARD"/>
    <property name="user.country" value="419"/>
    <property name="sun.boot.library.path" value="C:\Program Files\Java\jdk-17\bin"/>
    <property name="sun.java.command" value="C:\Users\sheredia\AppData\Local\Temp\surefire13689675280921761022\surefirebooter-20240910115725408_3.jar C:\Users\sheredia\AppData\Local\Temp\surefire13689675280921761022 2024-09-10T11-57-25_278-jvmRun1 surefire-20240910115725408_1tmp surefire_0-20240910115725408_2tmp"/>
    <property name="jdk.debug" value="release"/>
    <property name="surefire.test.class.path" value="C:\Users\sheredia\Documents\Pact\VideoGamesIP\target\test-classes;C:\Users\sheredia\Documents\Pact\VideoGamesIP\target\classes;C:\Users\sheredia\.m2\repository\org\springframework\boot\spring-boot-starter-web\3.1.8\spring-boot-starter-web-3.1.8.jar;C:\Users\sheredia\.m2\repository\org\springframework\boot\spring-boot-starter\3.1.8\spring-boot-starter-3.1.8.jar;C:\Users\sheredia\.m2\repository\org\springframework\boot\spring-boot\3.1.8\spring-boot-3.1.8.jar;C:\Users\sheredia\.m2\repository\org\springframework\boot\spring-boot-autoconfigure\3.1.8\spring-boot-autoconfigure-3.1.8.jar;C:\Users\sheredia\.m2\repository\org\springframework\boot\spring-boot-starter-logging\3.1.8\spring-boot-starter-logging-3.1.8.jar;C:\Users\sheredia\.m2\repository\ch\qos\logback\logback-classic\1.4.14\logback-classic-1.4.14.jar;C:\Users\sheredia\.m2\repository\ch\qos\logback\logback-core\1.4.14\logback-core-1.4.14.jar;C:\Users\sheredia\.m2\repository\org\apache\logging\log4j\log4j-to-slf4j\2.20.0\log4j-to-slf4j-2.20.0.jar;C:\Users\sheredia\.m2\repository\org\apache\logging\log4j\log4j-api\2.20.0\log4j-api-2.20.0.jar;C:\Users\sheredia\.m2\repository\org\slf4j\jul-to-slf4j\2.0.11\jul-to-slf4j-2.0.11.jar;C:\Users\sheredia\.m2\repository\jakarta\annotation\jakarta.annotation-api\2.1.1\jakarta.annotation-api-2.1.1.jar;C:\Users\sheredia\.m2\repository\org\yaml\snakeyaml\1.33\snakeyaml-1.33.jar;C:\Users\sheredia\.m2\repository\org\springframework\boot\spring-boot-starter-json\3.1.8\spring-boot-starter-json-3.1.8.jar;C:\Users\sheredia\.m2\repository\com\fasterxml\jackson\datatype\jackson-datatype-jdk8\2.15.3\jackson-datatype-jdk8-2.15.3.jar;C:\Users\sheredia\.m2\repository\com\fasterxml\jackson\module\jackson-module-parameter-names\2.15.3\jackson-module-parameter-names-2.15.3.jar;C:\Users\sheredia\.m2\repository\org\springframework\boot\spring-boot-starter-tomcat\3.1.8\spring-boot-starter-tomcat-3.1.8.jar;C:\Users\sheredia\.m2\repository\org\apache\tomcat\embed\tomcat-embed-core\10.1.18\tomcat-embed-core-10.1.18.jar;C:\Users\sheredia\.m2\repository\org\apache\tomcat\embed\tomcat-embed-el\10.1.18\tomcat-embed-el-10.1.18.jar;C:\Users\sheredia\.m2\repository\org\apache\tomcat\embed\tomcat-embed-websocket\10.1.18\tomcat-embed-websocket-10.1.18.jar;C:\Users\sheredia\.m2\repository\org\springframework\spring-web\6.0.16\spring-web-6.0.16.jar;C:\Users\sheredia\.m2\repository\org\springframework\spring-beans\6.0.16\spring-beans-6.0.16.jar;C:\Users\sheredia\.m2\repository\io\micrometer\micrometer-observation\1.11.8\micrometer-observation-1.11.8.jar;C:\Users\sheredia\.m2\repository\io\micrometer\micrometer-commons\1.11.8\micrometer-commons-1.11.8.jar;C:\Users\sheredia\.m2\repository\org\springframework\spring-webmvc\6.0.16\spring-webmvc-6.0.16.jar;C:\Users\sheredia\.m2\repository\org\springframework\spring-aop\6.0.16\spring-aop-6.0.16.jar;C:\Users\sheredia\.m2\repository\org\springframework\spring-context\6.0.16\spring-context-6.0.16.jar;C:\Users\sheredia\.m2\repository\org\springframework\spring-expression\6.0.16\spring-expression-6.0.16.jar;C:\Users\sheredia\.m2\repository\org\springframework\boot\spring-boot-starter-thymeleaf\3.1.8\spring-boot-starter-thymeleaf-3.1.8.jar;C:\Users\sheredia\.m2\repository\org\thymeleaf\thymeleaf-spring6\3.1.2.RELEASE\thymeleaf-spring6-3.1.2.RELEASE.jar;C:\Users\sheredia\.m2\repository\org\thymeleaf\thymeleaf\3.1.2.RELEASE\thymeleaf-3.1.2.RELEASE.jar;C:\Users\sheredia\.m2\repository\org\attoparser\attoparser\2.0.7.RELEASE\attoparser-2.0.7.RELEASE.jar;C:\Users\sheredia\.m2\repository\org\unbescape\unbescape\1.1.6.RELEASE\unbescape-1.1.6.RELEASE.jar;C:\Users\sheredia\.m2\repository\org\springframework\boot\spring-boot-starter-test\3.1.8\spring-boot-starter-test-3.1.8.jar;C:\Users\sheredia\.m2\repository\org\springframework\boot\spring-boot-test\3.1.8\spring-boot-test-3.1.8.jar;C:\Users\sheredia\.m2\repository\org\springframework\boot\spring-boot-test-autoconfigure\3.1.8\spring-boot-test-autoconfigure-3.1.8.jar;C:\Users\sheredia\.m2\repository\com\jayway\jsonpath\json-path\2.8.0\json-path-2.8.0.jar;C:\Users\sheredia\.m2\repository\jakarta\xml\bind\jakarta.xml.bind-api\4.0.1\jakarta.xml.bind-api-4.0.1.jar;C:\Users\sheredia\.m2\repository\jakarta\activation\jakarta.activation-api\2.1.2\jakarta.activation-api-2.1.2.jar;C:\Users\sheredia\.m2\repository\net\minidev\json-smart\2.4.11\json-smart-2.4.11.jar;C:\Users\sheredia\.m2\repository\net\minidev\accessors-smart\2.4.11\accessors-smart-2.4.11.jar;C:\Users\sheredia\.m2\repository\org\assertj\assertj-core\3.24.2\assertj-core-3.24.2.jar;C:\Users\sheredia\.m2\repository\net\bytebuddy\byte-buddy\1.14.11\byte-buddy-1.14.11.jar;C:\Users\sheredia\.m2\repository\org\junit\jupiter\junit-jupiter\5.9.3\junit-jupiter-5.9.3.jar;C:\Users\sheredia\.m2\repository\org\junit\jupiter\junit-jupiter-api\5.9.3\junit-jupiter-api-5.9.3.jar;C:\Users\sheredia\.m2\repository\org\opentest4j\opentest4j\1.2.0\opentest4j-1.2.0.jar;C:\Users\sheredia\.m2\repository\org\junit\platform\junit-platform-commons\1.9.3\junit-platform-commons-1.9.3.jar;C:\Users\sheredia\.m2\repository\org\apiguardian\apiguardian-api\1.1.2\apiguardian-api-1.1.2.jar;C:\Users\sheredia\.m2\repository\org\junit\jupiter\junit-jupiter-params\5.9.3\junit-jupiter-params-5.9.3.jar;C:\Users\sheredia\.m2\repository\org\junit\jupiter\junit-jupiter-engine\5.9.3\junit-jupiter-engine-5.9.3.jar;C:\Users\sheredia\.m2\repository\org\junit\platform\junit-platform-engine\1.9.3\junit-platform-engine-1.9.3.jar;C:\Users\sheredia\.m2\repository\org\mockito\mockito-core\5.3.1\mockito-core-5.3.1.jar;C:\Users\sheredia\.m2\repository\net\bytebuddy\byte-buddy-agent\1.14.11\byte-buddy-agent-1.14.11.jar;C:\Users\sheredia\.m2\repository\org\objenesis\objenesis\3.3\objenesis-3.3.jar;C:\Users\sheredia\.m2\repository\org\mockito\mockito-junit-jupiter\5.3.1\mockito-junit-jupiter-5.3.1.jar;C:\Users\sheredia\.m2\repository\org\skyscreamer\jsonassert\1.5.1\jsonassert-1.5.1.jar;C:\Users\sheredia\.m2\repository\com\vaadin\external\google\android-json\0.0.20131108.vaadin1\android-json-0.0.20131108.vaadin1.jar;C:\Users\sheredia\.m2\repository\org\springframework\spring-core\6.0.16\spring-core-6.0.16.jar;C:\Users\sheredia\.m2\repository\org\springframework\spring-jcl\6.0.16\spring-jcl-6.0.16.jar;C:\Users\sheredia\.m2\repository\org\springframework\spring-test\6.0.16\spring-test-6.0.16.jar;C:\Users\sheredia\.m2\repository\org\xmlunit\xmlunit-core\2.9.1\xmlunit-core-2.9.1.jar;C:\Users\sheredia\.m2\repository\org\projectlombok\lombok\1.18.30\lombok-1.18.30.jar;C:\Users\sheredia\.m2\repository\org\wiremock\wiremock\3.0.1\wiremock-3.0.1.jar;C:\Users\sheredia\.m2\repository\org\eclipse\jetty\jetty-server\11.0.19\jetty-server-11.0.19.jar;C:\Users\sheredia\.m2\repository\org\eclipse\jetty\toolchain\jetty-jakarta-servlet-api\5.0.2\jetty-jakarta-servlet-api-5.0.2.jar;C:\Users\sheredia\.m2\repository\org\eclipse\jetty\jetty-http\11.0.19\jetty-http-11.0.19.jar;C:\Users\sheredia\.m2\repository\org\eclipse\jetty\jetty-io\11.0.19\jetty-io-11.0.19.jar;C:\Users\sheredia\.m2\repository\org\eclipse\jetty\jetty-servlet\11.0.19\jetty-servlet-11.0.19.jar;C:\Users\sheredia\.m2\repository\org\eclipse\jetty\jetty-security\11.0.19\jetty-security-11.0.19.jar;C:\Users\sheredia\.m2\repository\org\eclipse\jetty\jetty-servlets\11.0.19\jetty-servlets-11.0.19.jar;C:\Users\sheredia\.m2\repository\org\eclipse\jetty\jetty-util\11.0.19\jetty-util-11.0.19.jar;C:\Users\sheredia\.m2\repository\org\eclipse\jetty\jetty-webapp\11.0.19\jetty-webapp-11.0.19.jar;C:\Users\sheredia\.m2\repository\org\eclipse\jetty\jetty-xml\11.0.19\jetty-xml-11.0.19.jar;C:\Users\sheredia\.m2\repository\org\eclipse\jetty\jetty-proxy\11.0.19\jetty-proxy-11.0.19.jar;C:\Users\sheredia\.m2\repository\org\eclipse\jetty\jetty-client\11.0.19\jetty-client-11.0.19.jar;C:\Users\sheredia\.m2\repository\org\eclipse\jetty\http2\http2-server\11.0.19\http2-server-11.0.19.jar;C:\Users\sheredia\.m2\repository\org\eclipse\jetty\http2\http2-common\11.0.19\http2-common-11.0.19.jar;C:\Users\sheredia\.m2\repository\org\eclipse\jetty\http2\http2-hpack\11.0.19\http2-hpack-11.0.19.jar;C:\Users\sheredia\.m2\repository\org\eclipse\jetty\jetty-alpn-server\11.0.19\jetty-alpn-server-11.0.19.jar;C:\Users\sheredia\.m2\repository\org\eclipse\jetty\jetty-alpn-java-server\11.0.19\jetty-alpn-java-server-11.0.19.jar;C:\Users\sheredia\.m2\repository\org\eclipse\jetty\jetty-alpn-java-client\11.0.19\jetty-alpn-java-client-11.0.19.jar;C:\Users\sheredia\.m2\repository\org\eclipse\jetty\jetty-alpn-client\11.0.19\jetty-alpn-client-11.0.19.jar;C:\Users\sheredia\.m2\repository\com\google\guava\guava\32.1.2-jre\guava-32.1.2-jre.jar;C:\Users\sheredia\.m2\repository\com\google\guava\failureaccess\1.0.1\failureaccess-1.0.1.jar;C:\Users\sheredia\.m2\repository\com\google\guava\listenablefuture\9999.0-empty-to-avoid-conflict-with-guava\listenablefuture-9999.0-empty-to-avoid-conflict-with-guava.jar;C:\Users\sheredia\.m2\repository\org\checkerframework\checker-qual\3.33.0\checker-qual-3.33.0.jar;C:\Users\sheredia\.m2\repository\com\google\errorprone\error_prone_annotations\2.18.0\error_prone_annotations-2.18.0.jar;C:\Users\sheredia\.m2\repository\com\google\j2objc\j2objc-annotations\2.8\j2objc-annotations-2.8.jar;C:\Users\sheredia\.m2\repository\com\fasterxml\jackson\core\jackson-core\2.15.3\jackson-core-2.15.3.jar;C:\Users\sheredia\.m2\repository\com\fasterxml\jackson\core\jackson-annotations\2.15.3\jackson-annotations-2.15.3.jar;C:\Users\sheredia\.m2\repository\com\fasterxml\jackson\core\jackson-databind\2.15.3\jackson-databind-2.15.3.jar;C:\Users\sheredia\.m2\repository\com\fasterxml\jackson\datatype\jackson-datatype-jsr310\2.15.3\jackson-datatype-jsr310-2.15.3.jar;C:\Users\sheredia\.m2\repository\org\apache\httpcomponents\client5\httpclient5\5.2.3\httpclient5-5.2.3.jar;C:\Users\sheredia\.m2\repository\org\apache\httpcomponents\core5\httpcore5\5.2.4\httpcore5-5.2.4.jar;C:\Users\sheredia\.m2\repository\org\apache\httpcomponents\core5\httpcore5-h2\5.2.4\httpcore5-h2-5.2.4.jar;C:\Users\sheredia\.m2\repository\org\xmlunit\xmlunit-legacy\2.9.1\xmlunit-legacy-2.9.1.jar;C:\Users\sheredia\.m2\repository\org\xmlunit\xmlunit-placeholders\2.9.1\xmlunit-placeholders-2.9.1.jar;C:\Users\sheredia\.m2\repository\net\javacrumbs\json-unit\json-unit-core\2.38.0\json-unit-core-2.38.0.jar;C:\Users\sheredia\.m2\repository\org\hamcrest\hamcrest-core\2.2\hamcrest-core-2.2.jar;C:\Users\sheredia\.m2\repository\org\ow2\asm\asm\9.5\asm-9.5.jar;C:\Users\sheredia\.m2\repository\net\sf\jopt-simple\jopt-simple\5.0.4\jopt-simple-5.0.4.jar;C:\Users\sheredia\.m2\repository\org\apache\commons\commons-lang3\3.12.0\commons-lang3-3.12.0.jar;C:\Users\sheredia\.m2\repository\com\github\jknack\handlebars\4.3.1\handlebars-4.3.1.jar;C:\Users\sheredia\.m2\repository\com\github\jknack\handlebars-helpers\4.3.1\handlebars-helpers-4.3.1.jar;C:\Users\sheredia\.m2\repository\commons-fileupload\commons-fileupload\1.5\commons-fileupload-1.5.jar;C:\Users\sheredia\.m2\repository\commons-io\commons-io\2.13.0\commons-io-2.13.0.jar;C:\Users\sheredia\.m2\repository\com\networknt\json-schema-validator\1.0.86\json-schema-validator-1.0.86.jar;C:\Users\sheredia\.m2\repository\com\ethlo\time\itu\1.7.0\itu-1.7.0.jar;C:\Users\sheredia\.m2\repository\com\fasterxml\jackson\dataformat\jackson-dataformat-yaml\2.15.3\jackson-dataformat-yaml-2.15.3.jar;C:\Users\sheredia\.m2\repository\org\slf4j\slf4j-api\2.0.11\slf4j-api-2.0.11.jar;C:\Users\sheredia\.m2\repository\ru\lanwen\wiremock\wiremock-junit5\1.3.1\wiremock-junit5-1.3.1.jar;C:\Users\sheredia\.m2\repository\org\hamcrest\hamcrest\2.2\hamcrest-2.2.jar;"/>
    <property name="sun.cpu.endian" value="little"/>
    <property name="user.home" value="C:\Users\sheredia"/>
    <property name="user.language" value="es"/>
    <property name="java.specification.vendor" value="Oracle Corporation"/>
    <property name="java.version.date" value="2024-07-16"/>
    <property name="java.home" value="C:\Program Files\Java\jdk-17"/>
    <property name="file.separator" value="\"/>
    <property name="basedir" value="C:\Users\sheredia\Documents\Pact\VideoGamesIP"/>
    <property name="java.vm.compressedOopsMode" value="Zero based"/>
    <property name="line.separator" value="&#10;"/>
    <property name="java.vm.specification.vendor" value="Oracle Corporation"/>
    <property name="java.specification.name" value="Java Platform API Specification"/>
    <property name="FILE_LOG_CHARSET" value="windows-1252"/>
    <property name="java.awt.headless" value="true"/>
    <property name="surefire.real.class.path" value="C:\Users\sheredia\AppData\Local\Temp\surefire13689675280921761022\surefirebooter-20240910115725408_3.jar"/>
    <property name="user.script" value=""/>
    <property name="sun.management.compiler" value="HotSpot 64-Bit Tiered Compilers"/>
    <property name="org.eclipse.jetty.http.HttpGenerator.STRICT" value="true"/>
    <property name="java.runtime.version" value="17.0.12+8-LTS-286"/>
    <property name="user.name" value="SHeredia"/>
    <property name="path.separator" value=";"/>
    <property name="os.version" value="10.0"/>
    <property name="java.runtime.name" value="Java(TM) SE Runtime Environment"/>
    <property name="file.encoding" value="Cp1252"/>
    <property name="java.vm.name" value="Java HotSpot(TM) 64-Bit Server VM"/>
    <property name="localRepository" value="C:\Users\sheredia\.m2\repository"/>
    <property name="javax.xml.xpath.XPathFactory:http://java.sun.com/jaxp/xpath/dom" value="com.sun.org.apache.xpath.internal.jaxp.XPathFactoryImpl"/>
    <property name="java.vendor.url.bug" value="https://bugreport.java.com/bugreport/"/>
    <property name="jetty.git.hash" value="f781e475c8fa9e9c8ce18b1eaa03110d510f905f"/>
    <property name="java.io.tmpdir" value="C:\Users\sheredia\AppData\Local\Temp\"/>
    <property name="java.version" value="17.0.12"/>
    <property name="user.dir" value="C:\Users\sheredia\Documents\Pact\VideoGamesIP"/>
    <property name="os.arch" value="amd64"/>
    <property name="java.vm.specification.name" value="Java Virtual Machine Specification"/>
    <property name="PID" value="5720"/>
    <property name="sun.os.patch.level" value=""/>
    <property name="CONSOLE_LOG_CHARSET" value="windows-1252"/>
    <property name="native.encoding" value="Cp1252"/>
    <property name="java.library.path" value="C:\Program Files\Java\jdk-17\bin;C:\WINDOWS\Sun\Java\bin;C:\WINDOWS\system32;C:\WINDOWS;C:\Program Files\Common Files\Oracle\Java\javapath;C:\WINDOWS\system32;C:\WINDOWS;C:\WINDOWS\System32\Wbem;C:\WINDOWS\System32\WindowsPowerShell\v1.0\;C:\WINDOWS\System32\OpenSSH\;C:\Users\sheredia\AppData\Roaming\nvm;C:\Program Files\nodejs;C:\Program Files\Java\jdk-15.0.2\bin;C:\Program Files\apache-maven-3.8.6-bin\apache-maven-3.8.6\bin;C:\Program Files\Google\Chrome\Application;C:\Program Files\dotnet\;C:\Program Files\PuTTY\;C:\Program Files\Git\cmd;C:\Users\sheredia\AppData\Local\Microsoft\WindowsApps;C:\Users\sheredia\AppData\Local\GitHubDesktop\bin;C:\Program Files\JetBrains\IntelliJ IDEA Community Edition 2022.2.2\bin;;C:\Users\sheredia\AppData\Roaming\nvm;C:\Program Files\nodejs;C:\Program Files\Java\jdk-17;C:\Program Files\Google\Chrome\Application;;."/>
    <property name="java.vm.info" value="mixed mode, sharing"/>
    <property name="java.vendor" value="Oracle Corporation"/>
    <property name="java.vm.version" value="17.0.12+8-LTS-286"/>
    <property name="sun.io.unicode.encoding" value="UnicodeLittle"/>
    <property name="javax.xml.transform.TransformerFactory" value="com.sun.org.apache.xalan.internal.xsltc.trax.TransformerFactoryImpl"/>
    <property name="java.class.version" value="61.0"/>
  </properties>
  <testcase name="fetchProducts(WireMockServer, String)" classname="org.contract_testing.clients.VideoGameServiceClientTest" time="1.261">
    <error message="Error while extracting response for type [class org.contract_testing.clients.VideoGameServiceResponse] and content type [application/json]" type="org.springframework.web.client.RestClientException"><![CDATA[org.springframework.web.client.RestClientException: Error while extracting response for type [class org.contract_testing.clients.VideoGameServiceResponse] and content type [application/json]
	at org.springframework.web.client.HttpMessageConverterExtractor.extractData(HttpMessageConverterExtractor.java:118)
	at org.springframework.web.client.RestTemplate.doExecute(RestTemplate.java:865)
	at org.springframework.web.client.RestTemplate.execute(RestTemplate.java:764)
	at org.springframework.web.client.RestTemplate.getForObject(RestTemplate.java:378)
	at org.contract_testing.clients.VideoGameServiceClient.fetchVideoGames(VideoGameServiceClient.java:19)
	at org.contract_testing.clients.VideoGameServiceClientTest.fetchProducts(VideoGameServiceClientTest.java:121)
	at java.base/jdk.internal.reflect.NativeMethodAccessorImpl.invoke0(Native Method)
	at java.base/jdk.internal.reflect.NativeMethodAccessorImpl.invoke(NativeMethodAccessorImpl.java:77)
	at java.base/jdk.internal.reflect.DelegatingMethodAccessorImpl.invoke(DelegatingMethodAccessorImpl.java:43)
	at java.base/java.lang.reflect.Method.invoke(Method.java:568)
	at org.junit.platform.commons.util.ReflectionUtils.invokeMethod(ReflectionUtils.java:727)
	at org.junit.jupiter.engine.execution.MethodInvocation.proceed(MethodInvocation.java:60)
	at org.junit.jupiter.engine.execution.InvocationInterceptorChain$ValidatingInvocation.proceed(InvocationInterceptorChain.java:131)
	at org.junit.jupiter.engine.extension.TimeoutExtension.intercept(TimeoutExtension.java:156)
	at org.junit.jupiter.engine.extension.TimeoutExtension.interceptTestableMethod(TimeoutExtension.java:147)
	at org.junit.jupiter.engine.extension.TimeoutExtension.interceptTestMethod(TimeoutExtension.java:86)
	at org.junit.jupiter.engine.execution.InterceptingExecutableInvoker$ReflectiveInterceptorCall.lambda$ofVoidMethod$0(InterceptingExecutableInvoker.java:103)
	at org.junit.jupiter.engine.execution.InterceptingExecutableInvoker.lambda$invoke$0(InterceptingExecutableInvoker.java:93)
	at org.junit.jupiter.engine.execution.InvocationInterceptorChain$InterceptedInvocation.proceed(InvocationInterceptorChain.java:106)
	at org.junit.jupiter.engine.execution.InvocationInterceptorChain.proceed(InvocationInterceptorChain.java:64)
	at org.junit.jupiter.engine.execution.InvocationInterceptorChain.chainAndInvoke(InvocationInterceptorChain.java:45)
	at org.junit.jupiter.engine.execution.InvocationInterceptorChain.invoke(InvocationInterceptorChain.java:37)
	at org.junit.jupiter.engine.execution.InterceptingExecutableInvoker.invoke(InterceptingExecutableInvoker.java:92)
	at org.junit.jupiter.engine.execution.InterceptingExecutableInvoker.invoke(InterceptingExecutableInvoker.java:86)
	at org.junit.jupiter.engine.descriptor.TestMethodTestDescriptor.lambda$invokeTestMethod$7(TestMethodTestDescriptor.java:217)
	at org.junit.platform.engine.support.hierarchical.ThrowableCollector.execute(ThrowableCollector.java:73)
	at org.junit.jupiter.engine.descriptor.TestMethodTestDescriptor.invokeTestMethod(TestMethodTestDescriptor.java:213)
	at org.junit.jupiter.engine.descriptor.TestMethodTestDescriptor.execute(TestMethodTestDescriptor.java:138)
	at org.junit.jupiter.engine.descriptor.TestMethodTestDescriptor.execute(TestMethodTestDescriptor.java:68)
	at org.junit.platform.engine.support.hierarchical.NodeTestTask.lambda$executeRecursively$6(NodeTestTask.java:151)
	at org.junit.platform.engine.support.hierarchical.ThrowableCollector.execute(ThrowableCollector.java:73)
	at org.junit.platform.engine.support.hierarchical.NodeTestTask.lambda$executeRecursively$8(NodeTestTask.java:141)
	at org.junit.platform.engine.support.hierarchical.Node.around(Node.java:137)
	at org.junit.platform.engine.support.hierarchical.NodeTestTask.lambda$executeRecursively$9(NodeTestTask.java:139)
	at org.junit.platform.engine.support.hierarchical.ThrowableCollector.execute(ThrowableCollector.java:73)
	at org.junit.platform.engine.support.hierarchical.NodeTestTask.executeRecursively(NodeTestTask.java:138)
	at org.junit.platform.engine.support.hierarchical.NodeTestTask.execute(NodeTestTask.java:95)
	at java.base/java.util.ArrayList.forEach(ArrayList.java:1511)
	at org.junit.platform.engine.support.hierarchical.SameThreadHierarchicalTestExecutorService.invokeAll(SameThreadHierarchicalTestExecutorService.java:41)
	at org.junit.platform.engine.support.hierarchical.NodeTestTask.lambda$executeRecursively$6(NodeTestTask.java:155)
	at org.junit.platform.engine.support.hierarchical.ThrowableCollector.execute(ThrowableCollector.java:73)
	at org.junit.platform.engine.support.hierarchical.NodeTestTask.lambda$executeRecursively$8(NodeTestTask.java:141)
	at org.junit.platform.engine.support.hierarchical.Node.around(Node.java:137)
	at org.junit.platform.engine.support.hierarchical.NodeTestTask.lambda$executeRecursively$9(NodeTestTask.java:139)
	at org.junit.platform.engine.support.hierarchical.ThrowableCollector.execute(ThrowableCollector.java:73)
	at org.junit.platform.engine.support.hierarchical.NodeTestTask.executeRecursively(NodeTestTask.java:138)
	at org.junit.platform.engine.support.hierarchical.NodeTestTask.execute(NodeTestTask.java:95)
	at java.base/java.util.ArrayList.forEach(ArrayList.java:1511)
	at org.junit.platform.engine.support.hierarchical.SameThreadHierarchicalTestExecutorService.invokeAll(SameThreadHierarchicalTestExecutorService.java:41)
	at org.junit.platform.engine.support.hierarchical.NodeTestTask.lambda$executeRecursively$6(NodeTestTask.java:155)
	at org.junit.platform.engine.support.hierarchical.ThrowableCollector.execute(ThrowableCollector.java:73)
	at org.junit.platform.engine.support.hierarchical.NodeTestTask.lambda$executeRecursively$8(NodeTestTask.java:141)
	at org.junit.platform.engine.support.hierarchical.Node.around(Node.java:137)
	at org.junit.platform.engine.support.hierarchical.NodeTestTask.lambda$executeRecursively$9(NodeTestTask.java:139)
	at org.junit.platform.engine.support.hierarchical.ThrowableCollector.execute(ThrowableCollector.java:73)
	at org.junit.platform.engine.support.hierarchical.NodeTestTask.executeRecursively(NodeTestTask.java:138)
	at org.junit.platform.engine.support.hierarchical.NodeTestTask.execute(NodeTestTask.java:95)
	at org.junit.platform.engine.support.hierarchical.SameThreadHierarchicalTestExecutorService.submit(SameThreadHierarchicalTestExecutorService.java:35)
	at org.junit.platform.engine.support.hierarchical.HierarchicalTestExecutor.execute(HierarchicalTestExecutor.java:57)
	at org.junit.platform.engine.support.hierarchical.HierarchicalTestEngine.execute(HierarchicalTestEngine.java:54)
	at org.junit.platform.launcher.core.EngineExecutionOrchestrator.execute(EngineExecutionOrchestrator.java:147)
	at org.junit.platform.launcher.core.EngineExecutionOrchestrator.execute(EngineExecutionOrchestrator.java:127)
	at org.junit.platform.launcher.core.EngineExecutionOrchestrator.execute(EngineExecutionOrchestrator.java:90)
	at org.junit.platform.launcher.core.EngineExecutionOrchestrator.lambda$execute$0(EngineExecutionOrchestrator.java:55)
	at org.junit.platform.launcher.core.EngineExecutionOrchestrator.withInterceptedStreams(EngineExecutionOrchestrator.java:102)
	at org.junit.platform.launcher.core.EngineExecutionOrchestrator.execute(EngineExecutionOrchestrator.java:54)
	at org.junit.platform.launcher.core.DefaultLauncher.execute(DefaultLauncher.java:114)
	at org.junit.platform.launcher.core.DefaultLauncher.execute(DefaultLauncher.java:86)
	at org.junit.platform.launcher.core.DefaultLauncherSession$DelegatingLauncher.execute(DefaultLauncherSession.java:86)
	at org.apache.maven.surefire.junitplatform.LazyLauncher.execute(LazyLauncher.java:50)
	at org.apache.maven.surefire.junitplatform.JUnitPlatformProvider.execute(JUnitPlatformProvider.java:184)
	at org.apache.maven.surefire.junitplatform.JUnitPlatformProvider.invokeAllTests(JUnitPlatformProvider.java:148)
	at org.apache.maven.surefire.junitplatform.JUnitPlatformProvider.invoke(JUnitPlatformProvider.java:122)
	at org.apache.maven.surefire.booter.ForkedBooter.runSuitesInProcess(ForkedBooter.java:385)
	at org.apache.maven.surefire.booter.ForkedBooter.execute(ForkedBooter.java:162)
	at org.apache.maven.surefire.booter.ForkedBooter.run(ForkedBooter.java:507)
	at org.apache.maven.surefire.booter.ForkedBooter.main(ForkedBooter.java:495)
Caused by: org.springframework.http.converter.HttpMessageNotReadableException: JSON parse error: Cannot deserialize value of type `org.contract_testing.clients.VideoGameServiceResponse` from Array value (token `JsonToken.START_ARRAY`)
	at org.springframework.http.converter.json.AbstractJackson2HttpMessageConverter.readJavaType(AbstractJackson2HttpMessageConverter.java:406)
	at org.springframework.http.converter.json.AbstractJackson2HttpMessageConverter.read(AbstractJackson2HttpMessageConverter.java:354)
	at org.springframework.web.client.HttpMessageConverterExtractor.extractData(HttpMessageConverterExtractor.java:103)
	... 76 more
Caused by: com.fasterxml.jackson.databind.exc.MismatchedInputException: Cannot deserialize value of type `org.contract_testing.clients.VideoGameServiceResponse` from Array value (token `JsonToken.START_ARRAY`)
 at [Source: (org.springframework.util.StreamUtils$NonClosingInputStream); line: 1, column: 1]
	at com.fasterxml.jackson.databind.exc.MismatchedInputException.from(MismatchedInputException.java:59)
	at com.fasterxml.jackson.databind.DeserializationContext.reportInputMismatch(DeserializationContext.java:1752)
	at com.fasterxml.jackson.databind.DeserializationContext.handleUnexpectedToken(DeserializationContext.java:1526)
	at com.fasterxml.jackson.databind.DeserializationContext.handleUnexpectedToken(DeserializationContext.java:1473)
	at com.fasterxml.jackson.databind.deser.BeanDeserializer._deserializeFromArray(BeanDeserializer.java:656)
	at com.fasterxml.jackson.databind.deser.BeanDeserializer._deserializeOther(BeanDeserializer.java:211)
	at com.fasterxml.jackson.databind.deser.BeanDeserializer.deserialize(BeanDeserializer.java:187)
	at com.fasterxml.jackson.databind.deser.DefaultDeserializationContext.readRootValue(DefaultDeserializationContext.java:323)
	at com.fasterxml.jackson.databind.ObjectReader._bindAndClose(ObjectReader.java:2105)
	at com.fasterxml.jackson.databind.ObjectReader.readValue(ObjectReader.java:1481)
	at org.springframework.http.converter.json.AbstractJackson2HttpMessageConverter.readJavaType(AbstractJackson2HttpMessageConverter.java:395)
	... 78 more
]]></error>
    <system-out><![CDATA[11:57:26.098 [main] INFO org.springframework.test.context.support.AnnotationConfigContextLoaderUtils -- Could not detect default configuration classes for test class [org.contract_testing.clients.VideoGameServiceClientTest]: VideoGameServiceClientTest does not declare any static, non-private, non-final, nested classes annotated with @Configuration.
11:57:26.178 [main] INFO org.springframework.boot.test.context.SpringBootTestContextBootstrapper -- Found @SpringBootConfiguration org.contract_testing.Application for test class org.contract_testing.clients.VideoGameServiceClientTest

  .   ____          _            __ _ _
 /\\ / ___'_ __ _ _(_)_ __  __ _ \ \ \ \
( ( )\___ | '_ | '_| | '_ \/ _` | \ \ \ \
 \\/  ___)| |_)| | | | | || (_| |  ) ) ) )
  '  |____| .__|_| |_|_| |_\__, | / / / /
 =========|_|==============|___/=/_/_/_/
 :: Spring Boot ::                (v3.1.8)

2024-09-10T11:57:26.568-03:00  INFO 5720 --- [           main] o.c.clients.VideoGameServiceClientTest   : Starting VideoGameServiceClientTest using Java 17.0.12 with PID 5720 (started by SHeredia in C:\Users\sheredia\Documents\Pact\VideoGamesIP)
2024-09-10T11:57:26.568-03:00  INFO 5720 --- [           main] o.c.clients.VideoGameServiceClientTest   : No active profile set, falling back to 1 default profile: "default"
2024-09-10T11:57:27.888-03:00  WARN 5720 --- [           main] ion$DefaultTemplateResolverConfiguration : Cannot find template location: classpath:/templates/ (please add some templates, check your Thymeleaf configuration, or set spring.thymeleaf.check-template-location=false)
2024-09-10T11:57:27.932-03:00  INFO 5720 --- [           main] o.c.clients.VideoGameServiceClientTest   : Started VideoGameServiceClientTest in 1.617 seconds (process running for 2.412)
2024-09-10T11:57:28.908-03:00  INFO 5720 --- [           main] org.eclipse.jetty.server.Server          : jetty-11.0.19; built: 2023-12-15T20:54:39.802Z; git: f781e475c8fa9e9c8ce18b1eaa03110d510f905f; jvm 17.0.12+8-LTS-286
2024-09-10T11:57:28.928-03:00  INFO 5720 --- [           main] o.e.jetty.server.handler.ContextHandler  : Started o.e.j.s.ServletContextHandler@39afe59f{/__admin,null,AVAILABLE}
2024-09-10T11:57:28.934-03:00  INFO 5720 --- [           main] o.e.j.s.handler.ContextHandler.ROOT      : RequestHandlerClass from context returned com.github.tomakehurst.wiremock.http.StubRequestHandler. Normalized mapped under returned 'null'
2024-09-10T11:57:28.934-03:00  INFO 5720 --- [           main] o.e.jetty.server.handler.ContextHandler  : Started o.e.j.s.ServletContextHandler@2e0516a3{/,null,AVAILABLE}
2024-09-10T11:57:28.950-03:00  INFO 5720 --- [           main] o.e.jetty.server.AbstractConnector       : Started NetworkTrafficServerConnector@2df71be0{HTTP/1.1, (http/1.1, h2c)}{0.0.0.0:61436}
2024-09-10T11:57:28.950-03:00  INFO 5720 --- [           main] org.eclipse.jetty.server.Server          : Started Server@50785f86{STARTING}[11.0.19,sto=1000] @3436ms
2024-09-10T11:57:28.958-03:00  INFO 5720 --- [           main] r.lanwen.wiremock.ext.WiremockResolver   : Started wiremock server on localhost:61436
2024-09-10T11:57:29.161-03:00  INFO 5720 --- [tp1135319785-37] WireMock                                 : Request received:
127.0.0.1 - GET /api/v2/videogame

Accept: [application/json, application/*+json]
Accept-Encoding: [gzip, x-gzip, deflate]
Content-Length: [0]
Host: [localhost:61436]
Connection: [keep-alive]
User-Agent: [Apache-HttpClient/5.2.3 (Java/17.0.12)]



Matched response definition:
{
  "status" : 200,
  "body" : "[\n{\n\"id\": 1,\n\"name\": \"Resident Evil 4\",\n\"releaseDate\": \"2005-10-01 23:59:59\",\n\"reviewScore\": 85,\n\"category\": \"Shooter\",\n\"rating\": \"Universal\"\n},\n{\n\"id\": 2,\n\"name\": \"Gran Turismo 3\",\n\"releaseDate\": \"2001-03-10 23:59:59\",\n\"reviewScore\": 91,\n\"category\": \"Driving\",\n\"rating\": \"Universal\"\n},\n{\n\"id\": 3,\n\"name\": \"Tetris\",\n\"releaseDate\": \"1984-06-25 23:59:59\",\n\"reviewScore\": 88,\n\"category\": \"Puzzle\",\n\"rating\": \"Universal\"\n},\n{\n\"id\": 4,\n\"name\": \"Super Mario 64\",\n\"releaseDate\": \"1996-10-20 23:59:59\",\n\"reviewScore\": 90,\n\"category\": \"Platform\",\n\"rating\": \"Universal\"\n},\n{\n\"id\": 5,\n\"name\": \"The Legend of Zelda: Ocarina of Time\",\n\"releaseDate\": \"1998-12-10 23:59:59\",\n\"reviewScore\": 93,\n\"category\": \"Adventure\",\n\"rating\": \"PG-13\"\n},\n{\n\"id\": 6,\n\"name\": \"Doom\",\n\"releaseDate\": \"1993-02-18 23:59:59\",\n\"reviewScore\": 81,\n\"category\": \"Shooter\",\n\"rating\": \"Mature\"\n},\n{\n\"id\": 7,\n\"name\": \"Minecraft\",\n\"releaseDate\": \"2011-12-05 23:59:59\",\n\"reviewScore\": 77,\n\"category\": \"Puzzle\",\n\"rating\": \"Universal\"\n},\n{\n\"id\": 8,\n\"name\": \"SimCity 2000\",\n\"releaseDate\": \"1994-09-11 23:59:59\",\n\"reviewScore\": 88,\n\"category\": \"Strategy\",\n\"rating\": \"Universal\"\n},\n{\n\"id\": 9,\n\"name\": \"Final Fantasy VII\",\n\"releaseDate\": \"1997-08-20 23:59:59\",\n\"reviewScore\": 97,\n\"category\": \"RPG\",\n\"rating\": \"PG-13\"\n},\n{\n\"id\": 10,\n\"name\": \"Grand Theft Auto III\",\n\"releaseDate\": \"2001-04-23 23:59:59\",\n\"reviewScore\": 90,\n\"category\": \"Driving\",\n\"rating\": \"Mature\"\n}\n]",
  "headers" : {
    "Content-Type" : "application/json"
  }
}

Response:
HTTP/1.1 200
Content-Type: [application/json]
Matched-Stub-Id: [95364033-504e-4f98-901f-af525b112141]

2024-09-10T11:57:29.178-03:00  INFO 5720 --- [           main] r.lanwen.wiremock.ext.WiremockResolver   : Stopping wiremock server on localhost:61436
2024-09-10T11:57:29.183-03:00  INFO 5720 --- [           main] org.eclipse.jetty.server.Server          : Stopped Server@50785f86{STOPPING}[11.0.19,sto=1000]
2024-09-10T11:57:29.183-03:00  INFO 5720 --- [           main] org.eclipse.jetty.server.Server          : Shutdown Server@50785f86{STOPPING}[11.0.19,sto=1000]
2024-09-10T11:57:29.188-03:00  INFO 5720 --- [           main] o.e.jetty.server.AbstractConnector       : Stopped NetworkTrafficServerConnector@2df71be0{HTTP/1.1, (http/1.1, h2c)}{0.0.0.0:0}
2024-09-10T11:57:29.188-03:00  INFO 5720 --- [           main] o.e.jetty.server.handler.ContextHandler  : Stopped o.e.j.s.ServletContextHandler@2e0516a3{/,null,STOPPED}
2024-09-10T11:57:29.188-03:00  INFO 5720 --- [           main] o.e.jetty.server.handler.ContextHandler  : Stopped o.e.j.s.ServletContextHandler@39afe59f{/__admin,null,STOPPED}
]]></system-out>
  </testcase>
</testsuite>